# JRE version: OpenJDK Runtime Environment (11.0.13) (build 11.0.13+0-b1751.21-8125866)
# Java VM: OpenJDK 64-Bit Server VM (11.0.13+0-b1751.21-8125866, mixed mode, tiered, compressed oops, g1 gc, windows-amd64)
Heap:
 garbage-first heap   total 96256K, used 26243K [0x00000000a0000000, 0x0000000100000000)
  region size 1024K, 10 young (10240K), 6 survivors (6144K)
 Metaspace       used 35812K, capacity 36599K, committed 36816K, reserved 1081344K
  class space    used 4556K, capacity 4876K, committed 4992K, reserved 1048576K
GC Heap History (14 events):
Event: 0.656 GC heap before
{Heap before GC invocations=0 (full 0):
 garbage-first heap   total 96256K, used 29696K [0x00000000a0000000, 0x0000000100000000)
  region size 1024K, 24 young (24576K), 0 survivors (0K)
 Metaspace       used 9817K, capacity 10058K, committed 10112K, reserved 1058816K
  class space    used 1009K, capacity 1102K, committed 1152K, reserved 1048576K
}
Event: 0.667 GC heap after
{Heap after GC invocations=1 (full 0):
 garbage-first heap   total 96256K, used 9107K [0x00000000a0000000, 0x0000000100000000)
  region size 1024K, 3 young (3072K), 3 survivors (3072K)
 Metaspace       used 9817K, capacity 10058K, committed 10112K, reserved 1058816K
  class space    used 1009K, capacity 1102K, committed 1152K, reserved 1048576K
}
Event: 1.596 GC heap before
{Heap before GC invocations=1 (full 0):
 garbage-first heap   total 96256K, used 63379K [0x00000000a0000000, 0x0000000100000000)
  region size 1024K, 56 young (57344K), 3 survivors (3072K)
 Metaspace       used 12962K, capacity 13289K, committed 13568K, reserved 1060864K
  class space    used 1394K, capacity 1499K, committed 1536K, reserved 1048576K
}
Event: 1.608 GC heap after
{Heap after GC invocations=2 (full 0):
 garbage-first heap   total 96256K, used 14893K [0x00000000a0000000, 0x0000000100000000)
  region size 1024K, 7 young (7168K), 7 survivors (7168K)
 Metaspace       used 12962K, capacity 13289K, committed 13568K, reserved 1060864K
  class space    used 1394K, capacity 1499K, committed 1536K, reserved 1048576K
}
Event: 2.484 GC heap before
{Heap before GC invocations=2 (full 0):
 garbage-first heap   total 96256K, used 39469K [0x00000000a0000000, 0x0000000100000000)
  region size 1024K, 31 young (31744K), 7 survivors (7168K)
 Metaspace       used 18158K, capacity 18495K, committed 18688K, reserved 1064960K
  class space    used 2138K, capacity 2276K, committed 2304K, reserved 1048576K
}
Event: 2.490 GC heap after
{Heap after GC invocations=3 (full 0):
 garbage-first heap   total 96256K, used 17079K [0x00000000a0000000, 0x0000000100000000)
  region size 1024K, 2 young (2048K), 2 survivors (2048K)
 Metaspace       used 18158K, capacity 18495K, committed 18688K, reserved 1064960K
  class space    used 2138K, capacity 2276K, committed 2304K, reserved 1048576K
}
Event: 2.790 GC heap before
{Heap before GC invocations=3 (full 0):
 garbage-first heap   total 96256K, used 35511K [0x00000000a0000000, 0x0000000100000000)
  region size 1024K, 21 young (21504K), 2 survivors (2048K)
 Metaspace       used 20657K, capacity 21130K, committed 21296K, reserved 1069056K
  class space    used 2479K, capacity 2626K, committed 2688K, reserved 1048576K
}
Event: 2.794 GC heap after
{Heap after GC invocations=4 (full 0):
 garbage-first heap   total 96256K, used 17616K [0x00000000a0000000, 0x0000000100000000)
  region size 1024K, 3 young (3072K), 3 survivors (3072K)
 Metaspace       used 20657K, capacity 21130K, committed 21296K, reserved 1069056K
  class space    used 2479K, capacity 2626K, committed 2688K, reserved 1048576K
}
Event: 3.196 GC heap before
{Heap before GC invocations=5 (full 0):
 garbage-first heap   total 96256K, used 54480K [0x00000000a0000000, 0x0000000100000000)
  region size 1024K, 39 young (39936K), 3 survivors (3072K)
 Metaspace       used 24159K, capacity 24732K, committed 25008K, reserved 1071104K
  class space    used 3044K, capacity 3253K, committed 3328K, reserved 1048576K
}
Event: 3.199 GC heap after
{Heap after GC invocations=6 (full 0):
 garbage-first heap   total 96256K, used 18716K [0x00000000a0000000, 0x0000000100000000)
  region size 1024K, 4 young (4096K), 4 survivors (4096K)
 Metaspace       used 24159K, capacity 24732K, committed 25008K, reserved 1071104K
  class space    used 3044K, capacity 3253K, committed 3328K, reserved 1048576K
}
Event: 3.631 GC heap before
{Heap before GC invocations=6 (full 0):
 garbage-first heap   total 96256K, used 58652K [0x00000000a0000000, 0x0000000100000000)
  region size 1024K, 43 young (44032K), 4 survivors (4096K)
 Metaspace       used 28230K, capacity 28892K, committed 28976K, reserved 1075200K
  class space    used 3663K, capacity 3924K, committed 3968K, reserved 1048576K
}
Event: 3.635 GC heap after
{Heap after GC invocations=7 (full 0):
 garbage-first heap   total 96256K, used 20321K [0x00000000a0000000, 0x0000000100000000)
  region size 1024K, 4 young (4096K), 4 survivors (4096K)
 Metaspace       used 28230K, capacity 28892K, committed 28976K, reserved 1075200K
  class space    used 3663K, capacity 3924K, committed 3968K, reserved 1048576K
}
Event: 4.309 GC heap before
{Heap before GC invocations=7 (full 0):
 garbage-first heap   total 96256K, used 58209K [0x00000000a0000000, 0x0000000100000000)
  region size 1024K, 42 young (43008K), 4 survivors (4096K)
 Metaspace       used 35017K, capacity 35780K, committed 35920K, reserved 1081344K
  class space    used 4462K, capacity 4774K, committed 4864K, reserved 1048576K
}
Event: 4.318 GC heap after
{Heap after GC invocations=8 (full 0):
 garbage-first heap   total 96256K, used 23171K [0x00000000a0000000, 0x0000000100000000)
  region size 1024K, 6 young (6144K), 6 survivors (6144K)
 Metaspace       used 35017K, capacity 35780K, committed 35920K, reserved 1081344K
  class space    used 4462K, capacity 4774K, committed 4864K, reserved 1048576K
}

