# JRE version: OpenJDK Runtime Environment (11.0.13) (build 11.0.13+0-b1751.21-8125866)
# Java VM: OpenJDK 64-Bit Server VM (11.0.13+0-b1751.21-8125866, mixed mode, tiered, compressed oops, g1 gc, windows-amd64)
Heap:
 garbage-first heap   total 169984K, used 88191K [0x00000000a0000000, 0x0000000100000000)
  region size 1024K, 3 young (3072K), 3 survivors (3072K)
 Metaspace       used 79126K, capacity 81582K, committed 81872K, reserved 1120256K
  class space    used 10225K, capacity 11075K, committed 11136K, reserved 1048576K
GC Heap History (20 events):
Event: 11.637 GC heap after
{Heap after GC invocations=26 (full 0):
 garbage-first heap   total 115712K, used 69908K [0x00000000a0000000, 0x0000000100000000)
  region size 1024K, 5 young (5120K), 5 survivors (5120K)
 Metaspace       used 67549K, capacity 69341K, committed 69584K, reserved 1110016K
  class space    used 8439K, capacity 9058K, committed 9088K, reserved 1048576K
}
Event: 11.840 GC heap before
{Heap before GC invocations=27 (full 0):
 garbage-first heap   total 115712K, used 94484K [0x00000000a0000000, 0x0000000100000000)
  region size 1024K, 29 young (29696K), 5 survivors (5120K)
 Metaspace       used 67951K, capacity 69861K, committed 69968K, reserved 1110016K
  class space    used 8496K, capacity 9205K, committed 9216K, reserved 1048576K
}
Event: 11.847 GC heap after
{Heap after GC invocations=28 (full 0):
 garbage-first heap   total 115712K, used 71743K [0x00000000a0000000, 0x0000000100000000)
  region size 1024K, 3 young (3072K), 3 survivors (3072K)
 Metaspace       used 67951K, capacity 69861K, committed 69968K, reserved 1110016K
  class space    used 8496K, capacity 9205K, committed 9216K, reserved 1048576K
}
Event: 12.009 GC heap before
{Heap before GC invocations=28 (full 0):
 garbage-first heap   total 115712K, used 94271K [0x00000000a0000000, 0x0000000100000000)
  region size 1024K, 25 young (25600K), 3 survivors (3072K)
 Metaspace       used 68498K, capacity 70468K, committed 70608K, reserved 1110016K
  class space    used 8580K, capacity 9280K, committed 9344K, reserved 1048576K
}
Event: 12.013 GC heap after
{Heap after GC invocations=29 (full 0):
 garbage-first heap   total 115712K, used 72468K [0x00000000a0000000, 0x0000000100000000)
  region size 1024K, 1 young (1024K), 1 survivors (1024K)
 Metaspace       used 68498K, capacity 70468K, committed 70608K, reserved 1110016K
  class space    used 8580K, capacity 9280K, committed 9344K, reserved 1048576K
}
Event: 12.207 GC heap before
{Heap before GC invocations=30 (full 0):
 garbage-first heap   total 115712K, used 96020K [0x00000000a0000000, 0x0000000100000000)
  region size 1024K, 24 young (24576K), 1 survivors (1024K)
 Metaspace       used 69192K, capacity 71178K, committed 71248K, reserved 1112064K
  class space    used 8714K, capacity 9432K, committed 9472K, reserved 1048576K
}
Event: 12.209 GC heap after
{Heap after GC invocations=31 (full 0):
 garbage-first heap   total 115712K, used 73056K [0x00000000a0000000, 0x0000000100000000)
  region size 1024K, 2 young (2048K), 2 survivors (2048K)
 Metaspace       used 69192K, capacity 71178K, committed 71248K, reserved 1112064K
  class space    used 8714K, capacity 9432K, committed 9472K, reserved 1048576K
}
Event: 12.332 GC heap before
{Heap before GC invocations=31 (full 0):
 garbage-first heap   total 115712K, used 96608K [0x00000000a0000000, 0x0000000100000000)
  region size 1024K, 25 young (25600K), 2 survivors (2048K)
 Metaspace       used 69455K, capacity 71411K, committed 71504K, reserved 1112064K
  class space    used 8745K, capacity 9447K, committed 9472K, reserved 1048576K
}
Event: 12.338 GC heap after
{Heap after GC invocations=32 (full 0):
 garbage-first heap   total 115712K, used 74820K [0x00000000a0000000, 0x0000000100000000)
  region size 1024K, 4 young (4096K), 4 survivors (4096K)
 Metaspace       used 69455K, capacity 71411K, committed 71504K, reserved 1112064K
  class space    used 8745K, capacity 9447K, committed 9472K, reserved 1048576K
}
Event: 12.592 GC heap before
{Heap before GC invocations=33 (full 0):
 garbage-first heap   total 115712K, used 97348K [0x00000000a0000000, 0x0000000100000000)
  region size 1024K, 26 young (26624K), 4 survivors (4096K)
 Metaspace       used 70707K, capacity 72772K, committed 73040K, reserved 1112064K
  class space    used 8896K, capacity 9623K, committed 9728K, reserved 1048576K
}
Event: 12.597 GC heap after
{Heap after GC invocations=34 (full 0):
 garbage-first heap   total 115712K, used 76752K [0x00000000a0000000, 0x0000000100000000)
  region size 1024K, 4 young (4096K), 4 survivors (4096K)
 Metaspace       used 70707K, capacity 72772K, committed 73040K, reserved 1112064K
  class space    used 8896K, capacity 9623K, committed 9728K, reserved 1048576K
}
Event: 12.888 GC heap before
{Heap before GC invocations=34 (full 0):
 garbage-first heap   total 115712K, used 97232K [0x00000000a0000000, 0x0000000100000000)
  region size 1024K, 24 young (24576K), 4 survivors (4096K)
 Metaspace       used 72819K, capacity 74885K, committed 75216K, reserved 1114112K
  class space    used 9269K, capacity 9985K, committed 10112K, reserved 1048576K
}
Event: 12.895 GC heap after
{Heap after GC invocations=35 (full 0):
 garbage-first heap   total 139264K, used 77899K [0x00000000a0000000, 0x0000000100000000)
  region size 1024K, 2 young (2048K), 2 survivors (2048K)
 Metaspace       used 72819K, capacity 74885K, committed 75216K, reserved 1114112K
  class space    used 9269K, capacity 9985K, committed 10112K, reserved 1048576K
}
Event: 13.368 GC heap before
{Heap before GC invocations=36 (full 0):
 garbage-first heap   total 139264K, used 109643K [0x00000000a0000000, 0x0000000100000000)
  region size 1024K, 33 young (33792K), 2 survivors (2048K)
 Metaspace       used 75824K, capacity 77886K, committed 77904K, reserved 1116160K
  class space    used 9748K, capacity 10484K, committed 10496K, reserved 1048576K
}
Event: 13.372 GC heap after
{Heap after GC invocations=37 (full 0):
 garbage-first heap   total 139264K, used 79564K [0x00000000a0000000, 0x0000000100000000)
  region size 1024K, 3 young (3072K), 3 survivors (3072K)
 Metaspace       used 75824K, capacity 77886K, committed 77904K, reserved 1116160K
  class space    used 9748K, capacity 10484K, committed 10496K, reserved 1048576K
}
Event: 13.718 GC heap before
{Heap before GC invocations=37 (full 0):
 garbage-first heap   total 139264K, used 112332K [0x00000000a0000000, 0x0000000100000000)
  region size 1024K, 35 young (35840K), 3 survivors (3072K)
 Metaspace       used 76999K, capacity 79158K, committed 79312K, reserved 1118208K
  class space    used 9951K, capacity 10757K, committed 10880K, reserved 1048576K
}
Event: 13.728 GC heap after
{Heap after GC invocations=38 (full 0):
 garbage-first heap   total 139264K, used 82729K [0x00000000a0000000, 0x0000000100000000)
  region size 1024K, 5 young (5120K), 5 survivors (5120K)
 Metaspace       used 76999K, capacity 79158K, committed 79312K, reserved 1118208K
  class space    used 9951K, capacity 10757K, committed 10880K, reserved 1048576K
}
Event: 13.985 GC heap before
{Heap before GC invocations=39 (full 0):
 garbage-first heap   total 139264K, used 113449K [0x00000000a0000000, 0x0000000100000000)
  region size 1024K, 35 young (35840K), 5 survivors (5120K)
 Metaspace       used 77918K, capacity 80120K, committed 80208K, reserved 1118208K
  class space    used 10089K, capacity 10942K, committed 11008K, reserved 1048576K
}
Event: 13.992 GC heap after
{Heap after GC invocations=40 (full 0):
 garbage-first heap   total 139264K, used 85431K [0x00000000a0000000, 0x0000000100000000)
  region size 1024K, 3 young (3072K), 3 survivors (3072K)
 Metaspace       used 77918K, capacity 80120K, committed 80208K, reserved 1118208K
  class space    used 10089K, capacity 10942K, committed 11008K, reserved 1048576K
}
Event: 14.415 GC heap before
{Heap before GC invocations=40 (full 0):
 garbage-first heap   total 139264K, used 112055K [0x00000000a0000000, 0x0000000100000000)
  region size 1024K, 31 young (31744K), 3 survivors (3072K)
 Metaspace       used 79126K, capacity 81582K, committed 81872K, reserved 1120256K
  class space    used 10225K, capacity 11075K, committed 11136K, reserved 1048576K
}

